2026-05-16 20:39:33,664 INFO o.a.j.u.JMeterUtils: Setting Locale to en_EN
2026-05-16 20:39:33,681 INFO o.a.j.JMeter: Loading user properties from: C:\Users\16531\Desktop\apache-jmeter-5.6.3\apache-jmeter-5.6.3\bin\user.properties
2026-05-16 20:39:33,681 INFO o.a.j.JMeter: Loading system properties from: C:\Users\16531\Desktop\apache-jmeter-5.6.3\apache-jmeter-5.6.3\bin\system.properties
2026-05-16 20:39:33,685 INFO o.a.j.JMeter: Copyright (c) 1998-2024 The Apache Software Foundation
2026-05-16 20:39:33,685 INFO o.a.j.JMeter: Version 5.6.3
2026-05-16 20:39:33,685 INFO o.a.j.JMeter: java.version=21.0.10
2026-05-16 20:39:33,685 INFO o.a.j.JMeter: java.vm.name=Java HotSpot(TM) 64-Bit Server VM
2026-05-16 20:39:33,685 INFO o.a.j.JMeter: os.name=Windows 11
2026-05-16 20:39:33,685 INFO o.a.j.JMeter: os.arch=amd64
2026-05-16 20:39:33,685 INFO o.a.j.JMeter: os.version=10.0
2026-05-16 20:39:33,685 INFO o.a.j.JMeter: file.encoding=UTF-8
2026-05-16 20:39:33,685 INFO o.a.j.JMeter: java.awt.headless=null
2026-05-16 20:39:33,685 INFO o.a.j.JMeter: Max memory     =1073741824
2026-05-16 20:39:33,685 INFO o.a.j.JMeter: Available Processors =16
2026-05-16 20:39:33,696 INFO o.a.j.JMeter: Default Locale=English (EN)
2026-05-16 20:39:33,696 INFO o.a.j.JMeter: JMeter  Locale=English (EN)
2026-05-16 20:39:33,696 INFO o.a.j.JMeter: JMeterHome=C:\Users\16531\Desktop\apache-jmeter-5.6.3\apache-jmeter-5.6.3
2026-05-16 20:39:33,696 INFO o.a.j.JMeter: user.dir  =C:\Users\16531\Desktop\selenium-learning\content\API_Project\jmeter
2026-05-16 20:39:33,696 INFO o.a.j.JMeter: PWD       =C:\Users\16531\Desktop\selenium-learning\content\API_Project\jmeter
2026-05-16 20:39:33,699 INFO o.a.j.JMeter: IP: 172.17.224.1 Name: Elson FullName: Elson.mshome.net
2026-05-16 20:39:33,715 INFO o.a.j.JMeter: Loaded icon properties from org/apache/jmeter/images/icon.properties
2026-05-16 20:39:33,923 INFO o.a.j.JMeterGuiLauncher: Setting LAF to: com.github.weisj.darklaf.DarkLaf:com.github.weisj.darklaf.theme.DarculaTheme
2026-05-16 20:40:00,885 INFO o.a.j.s.FileServer: Default base='C:\Users\16531\Desktop\selenium-learning\content\API_Project\jmeter'
2026-05-16 20:40:00,885 INFO o.a.j.g.a.Load: Loading file: C:\Users\16531\Desktop\selenium-learning\content\API_Project\jmeter\aggregate_report.jmx
2026-05-16 20:40:00,885 INFO o.a.j.s.FileServer: Set new base='C:\Users\16531\Desktop\selenium-learning\content\API_Project\jmeter'
2026-05-16 20:40:01,042 INFO o.a.j.s.SaveService: Testplan (JMX) version: 2.2. Testlog (JTL) version: 2.2
2026-05-16 20:40:01,067 INFO o.a.j.s.SaveService: Using SaveService properties version 5.0
2026-05-16 20:40:01,067 INFO o.a.j.s.SaveService: Using SaveService properties file encoding UTF-8
2026-05-16 20:40:01,073 INFO o.a.j.s.SaveService: Loading file: C:\Users\16531\Desktop\selenium-learning\content\API_Project\jmeter\aggregate_report.jmx
2026-05-16 20:40:01,084 WARN o.a.j.g.a.Load: Error in XML format. org.xmlpull.v1.XmlPullParserException: only whitespace content allowed before start tag and not t (position: START_DOCUMENT seen t... @1:2) 
2026-05-16 20:40:01,084 ERROR o.a.j.u.JMeterUtils: only whitespace content allowed before start tag and not t (position: START_DOCUMENT seen t... @1:2) 
2026-05-16 20:40:07,479 INFO o.a.j.g.a.Load: Loading file: C:\Users\16531\Desktop\selenium-learning\content\API_Project\jmeter\HTTP_Request1_headers.jmx
2026-05-16 20:40:07,479 INFO o.a.j.s.FileServer: Set new base='C:\Users\16531\Desktop\selenium-learning\content\API_Project\jmeter'
2026-05-16 20:40:07,479 INFO o.a.j.s.SaveService: Loading file: C:\Users\16531\Desktop\selenium-learning\content\API_Project\jmeter\HTTP_Request1_headers.jmx
2026-05-16 20:40:07,506 INFO o.a.j.p.h.s.HTTPSamplerBase: Parser for text/html is org.apache.jmeter.protocol.http.parser.LagartoBasedHtmlParser
2026-05-16 20:40:07,506 INFO o.a.j.p.h.s.HTTPSamplerBase: Parser for application/xhtml+xml is org.apache.jmeter.protocol.http.parser.LagartoBasedHtmlParser
2026-05-16 20:40:07,506 INFO o.a.j.p.h.s.HTTPSamplerBase: Parser for application/xml is org.apache.jmeter.protocol.http.parser.LagartoBasedHtmlParser
2026-05-16 20:40:07,506 INFO o.a.j.p.h.s.HTTPSamplerBase: Parser for text/xml is org.apache.jmeter.protocol.http.parser.LagartoBasedHtmlParser
2026-05-16 20:40:07,506 INFO o.a.j.p.h.s.HTTPSamplerBase: Parser for text/vnd.wap.wml is org.apache.jmeter.protocol.http.parser.RegexpHTMLParser
2026-05-16 20:40:07,506 INFO o.a.j.p.h.s.HTTPSamplerBase: Parser for text/css is org.apache.jmeter.protocol.http.parser.CssParser
2026-05-16 20:40:07,722 INFO o.a.j.s.SampleResult: Note: Sample TimeStamps are START times
2026-05-16 20:40:07,722 INFO o.a.j.s.SampleResult: sampleresult.default.encoding is set to UTF-8
2026-05-16 20:40:07,722 INFO o.a.j.s.SampleResult: sampleresult.useNanoTime=true
2026-05-16 20:40:07,722 INFO o.a.j.s.SampleResult: sampleresult.nanoThreadSleep=5000
2026-05-16 20:40:07,989 INFO o.a.j.s.FileServer: Set new base='C:\Users\16531\Desktop\selenium-learning\content\API_Project\jmeter'
2026-05-16 20:40:21,349 INFO o.a.j.g.a.Load: Loading file: C:\Users\16531\Desktop\selenium-learning\content\API_Project\jmeter\aggregate_report.jmx
2026-05-16 20:40:21,349 INFO o.a.j.s.FileServer: Set new base='C:\Users\16531\Desktop\selenium-learning\content\API_Project\jmeter'
2026-05-16 20:40:21,349 INFO o.a.j.s.SaveService: Loading file: C:\Users\16531\Desktop\selenium-learning\content\API_Project\jmeter\aggregate_report.jmx
2026-05-16 20:40:21,351 WARN o.a.j.g.a.Load: Error in XML format. org.xmlpull.v1.XmlPullParserException: only whitespace content allowed before start tag and not t (position: START_DOCUMENT seen t... @1:2) 
2026-05-16 20:40:21,351 ERROR o.a.j.u.JMeterUtils: only whitespace content allowed before start tag and not t (position: START_DOCUMENT seen t... @1:2) 
